<?xml version="1.0" encoding="UTF-8"?>
<!-- Generated by org.testng.reporters.JUnitXMLReporter -->
<testsuite ignored="0" hostname="DESKTOP-8OKOA53" failures="1" tests="11" name="Test" time="61.772" errors="0" timestamp="2023-09-17T22:35:04 IST">
  <testcase classname="Test.UserTest" name="crateuser" time="25.295"/>
  <testcase classname="Test.UserTest" name="getuser" time="1.617"/>
  <testcase classname="Test.UserTest" name="updateuser" time="1.859">
    <failure type="java.lang.AssertionError" message="Status Code not matching expected [201] but found [200]">
      <![CDATA[java.lang.AssertionError: Status Code not matching expected [201] but found [200]
at Test.UserTest.updateuser(UserTest.java:75)
at java.base/java.util.ArrayList.forEach(ArrayList.java:1541)
... Removed 33 stack frames]]>
    </failure>
  </testcase> <!-- updateuser -->
  <testcase classname="Test.UserTest" name="deleteuser" time="8.723"/>
  <testcase classname="Test.StoreTest" name="crateorder" time="1.334"/>
  <testcase classname="Test.StoreTest" name="getorder" time="1.408"/>
  <testcase classname="Test.StoreTest" name="deleteorder" time="1.404"/>
  <testcase classname="Test.PetTest" name="cratePet" time="1.684"/>
  <testcase classname="Test.PetTest" name="GetPet" time="1.373"/>
  <testcase classname="Test.PetTest" name="UpdatePet" time="1.597"/>
  <testcase classname="Test.PetTest" name="DeletePet" time="1.363"/>
</testsuite> <!-- Test -->
