<?xml version="1.0" encoding="UTF-8"?>
<testng-results ignored="0" total="11" passed="10" failed="1" skipped="0">
  <reporter-output>
  </reporter-output>
  <suite started-at="2023-09-17T22:34:00 IST" name="Suite" finished-at="2023-09-17T22:35:02 IST" duration-ms="61772">
    <groups>
    </groups>
    <test started-at="2023-09-17T22:34:00 IST" name="Test" finished-at="2023-09-17T22:35:02 IST" duration-ms="61772">
      <class name="Test.PetTest">
        <test-method is-config="true" signature="data()[pri:0, instance:Test.PetTest@6caf0677]" started-at="2023-09-17T22:34:56 IST" name="data" finished-at="2023-09-17T22:34:56 IST" duration-ms="43" status="PASS">
          <reporter-output>
          </reporter-output>
        </test-method> <!-- data -->
        <test-method signature="cratePet()[pri:1, instance:Test.PetTest@6caf0677]" started-at="2023-09-17T22:34:56 IST" name="cratePet" finished-at="2023-09-17T22:34:57 IST" duration-ms="1684" status="PASS">
          <reporter-output>
          </reporter-output>
        </test-method> <!-- cratePet -->
        <test-method signature="GetPet()[pri:2, instance:Test.PetTest@6caf0677]" started-at="2023-09-17T22:34:57 IST" name="GetPet" finished-at="2023-09-17T22:34:59 IST" duration-ms="1373" status="PASS">
          <reporter-output>
          </reporter-output>
        </test-method> <!-- GetPet -->
        <test-method signature="UpdatePet()[pri:3, instance:Test.PetTest@6caf0677]" started-at="2023-09-17T22:34:59 IST" name="UpdatePet" finished-at="2023-09-17T22:35:00 IST" duration-ms="1597" status="PASS">
          <reporter-output>
          </reporter-output>
        </test-method> <!-- UpdatePet -->
        <test-method signature="DeletePet()[pri:4, instance:Test.PetTest@6caf0677]" started-at="2023-09-17T22:35:00 IST" name="DeletePet" finished-at="2023-09-17T22:35:02 IST" duration-ms="1363" status="PASS">
          <reporter-output>
          </reporter-output>
        </test-method> <!-- DeletePet -->
      </class> <!-- Test.PetTest -->
      <class name="Test.StoreTest">
        <test-method is-config="true" signature="data()[pri:0, instance:Test.StoreTest@645aa696]" started-at="2023-09-17T22:34:51 IST" name="data" finished-at="2023-09-17T22:34:51 IST" duration-ms="32" status="PASS">
          <reporter-output>
          </reporter-output>
        </test-method> <!-- data -->
        <test-method signature="crateorder()[pri:1, instance:Test.StoreTest@645aa696]" started-at="2023-09-17T22:34:51 IST" name="crateorder" finished-at="2023-09-17T22:34:53 IST" duration-ms="1334" status="PASS">
          <reporter-output>
          </reporter-output>
        </test-method> <!-- crateorder -->
        <test-method signature="getorder()[pri:2, instance:Test.StoreTest@645aa696]" started-at="2023-09-17T22:34:53 IST" name="getorder" finished-at="2023-09-17T22:34:54 IST" duration-ms="1408" status="PASS">
          <reporter-output>
          </reporter-output>
        </test-method> <!-- getorder -->
        <test-method signature="deleteorder()[pri:3, instance:Test.StoreTest@645aa696]" started-at="2023-09-17T22:34:54 IST" name="deleteorder" finished-at="2023-09-17T22:34:55 IST" duration-ms="1404" status="PASS">
          <reporter-output>
          </reporter-output>
        </test-method> <!-- deleteorder -->
      </class> <!-- Test.StoreTest -->
      <class name="Test.UserTest">
        <test-method is-config="true" signature="data()[pri:0, instance:Test.UserTest@18271936]" started-at="2023-09-17T22:34:03 IST" name="data" finished-at="2023-09-17T22:34:13 IST" duration-ms="10288" status="PASS">
          <reporter-output>
          </reporter-output>
        </test-method> <!-- data -->
        <test-method signature="crateuser()[pri:1, instance:Test.UserTest@18271936]" started-at="2023-09-17T22:34:14 IST" name="crateuser" finished-at="2023-09-17T22:34:39 IST" duration-ms="25295" status="PASS">
          <reporter-output>
          </reporter-output>
        </test-method> <!-- crateuser -->
        <test-method signature="getuser()[pri:2, instance:Test.UserTest@18271936]" started-at="2023-09-17T22:34:39 IST" name="getuser" finished-at="2023-09-17T22:34:41 IST" duration-ms="1617" status="PASS">
          <reporter-output>
          </reporter-output>
        </test-method> <!-- getuser -->
        <test-method signature="updateuser()[pri:3, instance:Test.UserTest@18271936]" started-at="2023-09-17T22:34:41 IST" name="updateuser" finished-at="2023-09-17T22:34:42 IST" duration-ms="1859" status="FAIL">
          <exception class="java.lang.AssertionError">
            <message>
              <![CDATA[Status Code not matching expected [201] but found [200]]]>
            </message>
            <full-stacktrace>
              <![CDATA[java.lang.AssertionError: Status Code not matching expected [201] but found [200]
at org.testng.Assert.fail(Assert.java:110)
at org.testng.Assert.failNotEquals(Assert.java:1577)
at org.testng.Assert.assertEqualsImpl(Assert.java:149)
at org.testng.Assert.assertEquals(Assert.java:131)
at org.testng.Assert.assertEquals(Assert.java:1418)
at org.testng.Assert.assertEquals(Assert.java:1382)
at Test.UserTest.updateuser(UserTest.java:75)
at java.base/jdk.internal.reflect.NativeMethodAccessorImpl.invoke0(Native Method)
at java.base/jdk.internal.reflect.NativeMethodAccessorImpl.invoke(NativeMethodAccessorImpl.java:62)
at java.base/jdk.internal.reflect.DelegatingMethodAccessorImpl.invoke(DelegatingMethodAccessorImpl.java:43)
at java.base/java.lang.reflect.Method.invoke(Method.java:566)
at org.testng.internal.invokers.MethodInvocationHelper.invokeMethod(MethodInvocationHelper.java:139)
at org.testng.internal.invokers.TestInvoker.invokeMethod(TestInvoker.java:677)
at org.testng.internal.invokers.TestInvoker.invokeTestMethod(TestInvoker.java:221)
at org.testng.internal.invokers.MethodRunner.runInSequence(MethodRunner.java:50)
at org.testng.internal.invokers.TestInvoker$MethodInvocationAgent.invoke(TestInvoker.java:969)
at org.testng.internal.invokers.TestInvoker.invokeTestMethods(TestInvoker.java:194)
at org.testng.internal.invokers.TestMethodWorker.invokeTestMethods(TestMethodWorker.java:148)
at org.testng.internal.invokers.TestMethodWorker.run(TestMethodWorker.java:128)
at java.base/java.util.ArrayList.forEach(ArrayList.java:1541)
at org.testng.TestRunner.privateRun(TestRunner.java:829)
at org.testng.TestRunner.run(TestRunner.java:602)
at org.testng.SuiteRunner.runTest(SuiteRunner.java:437)
at org.testng.SuiteRunner.runSequentially(SuiteRunner.java:431)
at org.testng.SuiteRunner.privateRun(SuiteRunner.java:391)
at org.testng.SuiteRunner.run(SuiteRunner.java:330)
at org.testng.SuiteRunnerWorker.runSuite(SuiteRunnerWorker.java:52)
at org.testng.SuiteRunnerWorker.run(SuiteRunnerWorker.java:95)
at org.testng.TestNG.runSuitesSequentially(TestNG.java:1256)
at org.testng.TestNG.runSuitesLocally(TestNG.java:1176)
at org.testng.TestNG.runSuites(TestNG.java:1099)
at org.testng.TestNG.run(TestNG.java:1067)
at org.testng.remote.AbstractRemoteTestNG.run(AbstractRemoteTestNG.java:115)
at org.testng.remote.RemoteTestNG.initAndRun(RemoteTestNG.java:251)
at org.testng.remote.RemoteTestNG.main(RemoteTestNG.java:77)
]]>
            </full-stacktrace>
          </exception> <!-- java.lang.AssertionError -->
          <reporter-output>
          </reporter-output>
        </test-method> <!-- updateuser -->
        <test-method signature="deleteuser()[pri:4, instance:Test.UserTest@18271936]" started-at="2023-09-17T22:34:43 IST" name="deleteuser" finished-at="2023-09-17T22:34:51 IST" duration-ms="8723" status="PASS">
          <reporter-output>
          </reporter-output>
        </test-method> <!-- deleteuser -->
      </class> <!-- Test.UserTest -->
    </test> <!-- Test -->
  </suite> <!-- Suite -->
</testng-results>
